# JRE version: OpenJDK Runtime Environment (8.0_152-b01) (build 1.8.0_152-release-1343-b01)
# Java VM: OpenJDK 64-Bit Server VM (25.152-b01 mixed mode windows-amd64 compressed oops)
Heap:
 PSYoungGen      total 200192K, used 7171K [0x00000000e0000000, 0x00000000eea80000, 0x0000000100000000)
  eden space 181760K, 3% used [0x00000000e0000000,0x00000000e0700ef0,0x00000000eb180000)
  from space 18432K, 0% used [0x00000000ec380000,0x00000000ec380000,0x00000000ed580000)
  to   space 18432K, 0% used [0x00000000eb180000,0x00000000eb180000,0x00000000ec380000)
 ParOldGen       total 84992K, used 29262K [0x00000000a0000000, 0x00000000a5300000, 0x00000000e0000000)
  object space 84992K, 34% used [0x00000000a0000000,0x00000000a1c93a50,0x00000000a5300000)
 Metaspace       used 57842K, capacity 59414K, committed 59544K, reserved 1099776K
  class space    used 7837K, capacity 8247K, committed 8368K, reserved 1048576K
GC Heap History (10 events):
Event: 9.522 GC heap before
{Heap before GC invocations=11 (full 2):
 PSYoungGen      total 116736K, used 9700K [0x00000000e0000000, 0x00000000ea300000, 0x0000000100000000)
  eden space 105984K, 0% used [0x00000000e0000000,0x00000000e0000000,0x00000000e6780000)
  from space 10752K, 90% used [0x00000000e6780000,0x00000000e70f9048,0x00000000e7200000)
  to   space 11264K, 0% used [0x00000000e9800000,0x00000000e9800000,0x00000000ea300000)
 ParOldGen       total 56320K, used 8151K [0x00000000a0000000, 0x00000000a3700000, 0x00000000e0000000)
  object space 56320K, 14% used [0x00000000a0000000,0x00000000a07f5e30,0x00000000a3700000)
 Metaspace       used 34779K, capacity 35426K, committed 35496K, reserved 1079296K
  class space    used 4791K, capacity 4996K, committed 5040K, reserved 1048576K
Event: 9.607 GC heap after
Heap after GC invocations=11 (full 2):
 PSYoungGen      total 116736K, used 0K [0x00000000e0000000, 0x00000000ea300000, 0x0000000100000000)
  eden space 105984K, 0% used [0x00000000e0000000,0x00000000e0000000,0x00000000e6780000)
  from space 10752K, 0% used [0x00000000e6780000,0x00000000e6780000,0x00000000e7200000)
  to   space 11264K, 0% used [0x00000000e9800000,0x00000000e9800000,0x00000000ea300000)
 ParOldGen       total 84992K, used 16598K [0x00000000a0000000, 0x00000000a5300000, 0x00000000e0000000)
  object space 84992K, 19% used [0x00000000a0000000,0x00000000a1035858,0x00000000a5300000)
 Metaspace       used 34779K, capacity 35426K, committed 35496K, reserved 1079296K
  class space    used 4791K, capacity 4996K, committed 5040K, reserved 1048576K
}
Event: 11.734 GC heap before
{Heap before GC invocations=12 (full 2):
 PSYoungGen      total 116736K, used 105984K [0x00000000e0000000, 0x00000000ea300000, 0x0000000100000000)
  eden space 105984K, 100% used [0x00000000e0000000,0x00000000e6780000,0x00000000e6780000)
  from space 10752K, 0% used [0x00000000e6780000,0x00000000e6780000,0x00000000e7200000)
  to   space 11264K, 0% used [0x00000000e9800000,0x00000000e9800000,0x00000000ea300000)
 ParOldGen       total 84992K, used 16598K [0x00000000a0000000, 0x00000000a5300000, 0x00000000e0000000)
  object space 84992K, 19% used [0x00000000a0000000,0x00000000a1035858,0x00000000a5300000)
 Metaspace       used 44362K, capacity 45382K, committed 45480K, reserved 1089536K
  class space    used 5964K, capacity 6246K, committed 6320K, reserved 1048576K
Event: 11.762 GC heap after
Heap after GC invocations=12 (full 2):
 PSYoungGen      total 151040K, used 11251K [0x00000000e0000000, 0x00000000ea380000, 0x0000000100000000)
  eden space 139776K, 0% used [0x00000000e0000000,0x00000000e0000000,0x00000000e8880000)
  from space 11264K, 99% used [0x00000000e9800000,0x00000000ea2fcca0,0x00000000ea300000)
  to   space 13824K, 0% used [0x00000000e8880000,0x00000000e8880000,0x00000000e9600000)
 ParOldGen       total 84992K, used 19351K [0x00000000a0000000, 0x00000000a5300000, 0x00000000e0000000)
  object space 84992K, 22% used [0x00000000a0000000,0x00000000a12e5f30,0x00000000a5300000)
 Metaspace       used 44362K, capacity 45382K, committed 45480K, reserved 1089536K
  class space    used 5964K, capacity 6246K, committed 6320K, reserved 1048576K
}
Event: 15.824 GC heap before
{Heap before GC invocations=13 (full 2):
 PSYoungGen      total 151040K, used 151027K [0x00000000e0000000, 0x00000000ea380000, 0x0000000100000000)
  eden space 139776K, 100% used [0x00000000e0000000,0x00000000e8880000,0x00000000e8880000)
  from space 11264K, 99% used [0x00000000e9800000,0x00000000ea2fcca0,0x00000000ea300000)
  to   space 13824K, 0% used [0x00000000e8880000,0x00000000e8880000,0x00000000e9600000)
 ParOldGen       total 84992K, used 19351K [0x00000000a0000000, 0x00000000a5300000, 0x00000000e0000000)
  object space 84992K, 22% used [0x00000000a0000000,0x00000000a12e5f30,0x00000000a5300000)
 Metaspace       used 57006K, capacity 58440K, committed 58536K, reserved 1099776K
  class space    used 7685K, capacity 8065K, committed 8112K, reserved 1048576K
Event: 15.861 GC heap after
Heap after GC invocations=13 (full 2):
 PSYoungGen      total 153600K, used 13794K [0x00000000e0000000, 0x00000000ed580000, 0x0000000100000000)
  eden space 139776K, 0% used [0x00000000e0000000,0x00000000e0000000,0x00000000e8880000)
  from space 13824K, 99% used [0x00000000e8880000,0x00000000e95f8a00,0x00000000e9600000)
  to   space 18432K, 0% used [0x00000000ec380000,0x00000000ec380000,0x00000000ed580000)
 ParOldGen       total 84992K, used 27569K [0x00000000a0000000, 0x00000000a5300000, 0x00000000e0000000)
  object space 84992K, 32% used [0x00000000a0000000,0x00000000a1aec6a0,0x00000000a5300000)
 Metaspace       used 57006K, capacity 58440K, committed 58536K, reserved 1099776K
  class space    used 7685K, capacity 8065K, committed 8112K, reserved 1048576K
}
Event: 16.518 GC heap before
{Heap before GC invocations=14 (full 2):
 PSYoungGen      total 153600K, used 36027K [0x00000000e0000000, 0x00000000ed580000, 0x0000000100000000)
  eden space 139776K, 15% used [0x00000000e0000000,0x00000000e15b6578,0x00000000e8880000)
  from space 13824K, 99% used [0x00000000e8880000,0x00000000e95f8a00,0x00000000e9600000)
  to   space 18432K, 0% used [0x00000000ec380000,0x00000000ec380000,0x00000000ed580000)
 ParOldGen       total 84992K, used 27569K [0x00000000a0000000, 0x00000000a5300000, 0x00000000e0000000)
  object space 84992K, 32% used [0x00000000a0000000,0x00000000a1aec6a0,0x00000000a5300000)
 Metaspace       used 57649K, capacity 59086K, committed 59160K, reserved 1099776K
  class space    used 7807K, capacity 8206K, committed 8240K, reserved 1048576K
Event: 16.617 GC heap after
Heap after GC invocations=14 (full 2):
 PSYoungGen      total 200192K, used 2384K [0x00000000e0000000, 0x00000000eea80000, 0x0000000100000000)
  eden space 181760K, 0% used [0x00000000e0000000,0x00000000e0000000,0x00000000eb180000)
  from space 18432K, 12% used [0x00000000ec380000,0x00000000ec5d4010,0x00000000ed580000)
  to   space 18432K, 0% used [0x00000000eb180000,0x00000000eb180000,0x00000000ec380000)
 ParOldGen       total 84992K, used 32930K [0x00000000a0000000, 0x00000000a5300000, 0x00000000e0000000)
  object space 84992K, 38% used [0x00000000a0000000,0x00000000a2028ab8,0x00000000a5300000)
 Metaspace       used 57649K, capacity 59086K, committed 59160K, reserved 1099776K
  class space    used 7807K, capacity 8206K, committed 8240K, reserved 1048576K
}
Event: 16.617 GC heap before
{Heap before GC invocations=15 (full 3):
 PSYoungGen      total 200192K, used 2384K [0x00000000e0000000, 0x00000000eea80000, 0x0000000100000000)
  eden space 181760K, 0% used [0x00000000e0000000,0x00000000e0000000,0x00000000eb180000)
  from space 18432K, 12% used [0x00000000ec380000,0x00000000ec5d4010,0x00000000ed580000)
  to   space 18432K, 0% used [0x00000000eb180000,0x00000000eb180000,0x00000000ec380000)
 ParOldGen       total 84992K, used 32930K [0x00000000a0000000, 0x00000000a5300000, 0x00000000e0000000)
  object space 84992K, 38% used [0x00000000a0000000,0x00000000a2028ab8,0x00000000a5300000)
 Metaspace       used 57649K, capacity 59086K, committed 59160K, reserved 1099776K
  class space    used 7807K, capacity 8206K, committed 8240K, reserved 1048576K
Event: 17.081 GC heap after
Heap after GC invocations=15 (full 3):
 PSYoungGen      total 200192K, used 0K [0x00000000e0000000, 0x00000000eea80000, 0x0000000100000000)
  eden space 181760K, 0% used [0x00000000e0000000,0x00000000e0000000,0x00000000eb180000)
  from space 18432K, 0% used [0x00000000ec380000,0x00000000ec380000,0x00000000ed580000)
  to   space 18432K, 0% used [0x00000000eb180000,0x00000000eb180000,0x00000000ec380000)
 ParOldGen       total 84992K, used 29262K [0x00000000a0000000, 0x00000000a5300000, 0x00000000e0000000)
  object space 84992K, 34% used [0x00000000a0000000,0x00000000a1c93a50,0x00000000a5300000)
 Metaspace       used 57649K, capacity 59086K, committed 59160K, reserved 1099776K
  class space    used 7807K, capacity 8206K, committed 8240K, reserved 1048576K
}

