# JRE version: OpenJDK Runtime Environment (8.0_152-b01) (build 1.8.0_152-release-1343-b01)
# Java VM: OpenJDK 64-Bit Server VM (25.152-b01 mixed mode windows-amd64 compressed oops)
Heap:
 PSYoungGen      total 494592K, used 282880K [0x00000000e0000000, 0x0000000100000000, 0x0000000100000000)
  eden space 465920K, 54% used [0x00000000e0000000,0x00000000ef840788,0x00000000fc700000)
  from space 28672K, 99% used [0x00000000fc700000,0x00000000fe2ffc60,0x00000000fe300000)
  to   space 29696K, 0% used [0x00000000fe300000,0x00000000fe300000,0x0000000100000000)
 ParOldGen       total 163328K, used 114597K [0x00000000a0000000, 0x00000000a9f80000, 0x00000000e0000000)
  object space 163328K, 70% used [0x00000000a0000000,0x00000000a6fe97b8,0x00000000a9f80000)
 Metaspace       used 100260K, capacity 104154K, committed 104384K, reserved 1140736K
  class space    used 12433K, capacity 13157K, committed 13248K, reserved 1048576K
GC Heap History (10 events):
Event: 338.473 GC heap before
{Heap before GC invocations=33 (full 4):
 PSYoungGen      total 488448K, used 469754K [0x00000000e0000000, 0x00000000ffc00000, 0x0000000100000000)
  eden space 457728K, 100% used [0x00000000e0000000,0x00000000fbf00000,0x00000000fbf00000)
  from space 30720K, 39% used [0x00000000fde00000,0x00000000fe9be830,0x00000000ffc00000)
  to   space 31232K, 0% used [0x00000000fbf00000,0x00000000fbf00000,0x00000000fdd80000)
 ParOldGen       total 163328K, used 68314K [0x00000000a0000000, 0x00000000a9f80000, 0x00000000e0000000)
  object space 163328K, 41% used [0x00000000a0000000,0x00000000a42b6938,0x00000000a9f80000)
 Metaspace       used 98260K, capacity 101914K, committed 102080K, reserved 1138688K
  class space    used 12190K, capacity 12909K, committed 12992K, reserved 1048576K
Event: 338.489 GC heap after
Heap after GC invocations=33 (full 4):
 PSYoungGen      total 488960K, used 17446K [0x00000000e0000000, 0x00000000fff80000, 0x0000000100000000)
  eden space 457728K, 0% used [0x00000000e0000000,0x00000000e0000000,0x00000000fbf00000)
  from space 31232K, 55% used [0x00000000fbf00000,0x00000000fd009908,0x00000000fdd80000)
  to   space 30720K, 0% used [0x00000000fe180000,0x00000000fe180000,0x00000000fff80000)
 ParOldGen       total 163328K, used 69635K [0x00000000a0000000, 0x00000000a9f80000, 0x00000000e0000000)
  object space 163328K, 42% used [0x00000000a0000000,0x00000000a4400cd8,0x00000000a9f80000)
 Metaspace       used 98260K, capacity 101914K, committed 102080K, reserved 1138688K
  class space    used 12190K, capacity 12909K, committed 12992K, reserved 1048576K
}
Event: 340.042 GC heap before
{Heap before GC invocations=34 (full 4):
 PSYoungGen      total 488960K, used 475174K [0x00000000e0000000, 0x00000000fff80000, 0x0000000100000000)
  eden space 457728K, 100% used [0x00000000e0000000,0x00000000fbf00000,0x00000000fbf00000)
  from space 31232K, 55% used [0x00000000fbf00000,0x00000000fd009908,0x00000000fdd80000)
  to   space 30720K, 0% used [0x00000000fe180000,0x00000000fe180000,0x00000000fff80000)
 ParOldGen       total 163328K, used 69635K [0x00000000a0000000, 0x00000000a9f80000, 0x00000000e0000000)
  object space 163328K, 42% used [0x00000000a0000000,0x00000000a4400cd8,0x00000000a9f80000)
 Metaspace       used 98264K, capacity 101914K, committed 102080K, reserved 1138688K
  class space    used 12190K, capacity 12909K, committed 12992K, reserved 1048576K
Event: 340.092 GC heap after
Heap after GC invocations=34 (full 4):
 PSYoungGen      total 489984K, used 13971K [0x00000000e0000000, 0x00000000ffc80000, 0x0000000100000000)
  eden space 462336K, 0% used [0x00000000e0000000,0x00000000e0000000,0x00000000fc380000)
  from space 27648K, 50% used [0x00000000fe180000,0x00000000fef24c08,0x00000000ffc80000)
  to   space 29184K, 0% used [0x00000000fc380000,0x00000000fc380000,0x00000000fe000000)
 ParOldGen       total 163328K, used 83687K [0x00000000a0000000, 0x00000000a9f80000, 0x00000000e0000000)
  object space 163328K, 51% used [0x00000000a0000000,0x00000000a51b9e60,0x00000000a9f80000)
 Metaspace       used 98264K, capacity 101914K, committed 102080K, reserved 1138688K
  class space    used 12190K, capacity 12909K, committed 12992K, reserved 1048576K
}
Event: 341.608 GC heap before
{Heap before GC invocations=35 (full 4):
 PSYoungGen      total 489984K, used 476307K [0x00000000e0000000, 0x00000000ffc80000, 0x0000000100000000)
  eden space 462336K, 100% used [0x00000000e0000000,0x00000000fc380000,0x00000000fc380000)
  from space 27648K, 50% used [0x00000000fe180000,0x00000000fef24c08,0x00000000ffc80000)
  to   space 29184K, 0% used [0x00000000fc380000,0x00000000fc380000,0x00000000fe000000)
 ParOldGen       total 163328K, used 83687K [0x00000000a0000000, 0x00000000a9f80000, 0x00000000e0000000)
  object space 163328K, 51% used [0x00000000a0000000,0x00000000a51b9e60,0x00000000a9f80000)
 Metaspace       used 98272K, capacity 101914K, committed 102080K, reserved 1138688K
  class space    used 12191K, capacity 12909K, committed 12992K, reserved 1048576K
Event: 341.645 GC heap after
Heap after GC invocations=35 (full 4):
 PSYoungGen      total 491520K, used 6656K [0x00000000e0000000, 0x0000000100000000, 0x0000000100000000)
  eden space 462336K, 0% used [0x00000000e0000000,0x00000000e0000000,0x00000000fc380000)
  from space 29184K, 22% used [0x00000000fc380000,0x00000000fca00000,0x00000000fe000000)
  to   space 29184K, 0% used [0x00000000fe380000,0x00000000fe380000,0x0000000100000000)
 ParOldGen       total 163328K, used 91841K [0x00000000a0000000, 0x00000000a9f80000, 0x00000000e0000000)
  object space 163328K, 56% used [0x00000000a0000000,0x00000000a59b05f0,0x00000000a9f80000)
 Metaspace       used 98272K, capacity 101914K, committed 102080K, reserved 1138688K
  class space    used 12191K, capacity 12909K, committed 12992K, reserved 1048576K
}
Event: 343.595 GC heap before
{Heap before GC invocations=36 (full 4):
 PSYoungGen      total 491520K, used 468992K [0x00000000e0000000, 0x0000000100000000, 0x0000000100000000)
  eden space 462336K, 100% used [0x00000000e0000000,0x00000000fc380000,0x00000000fc380000)
  from space 29184K, 22% used [0x00000000fc380000,0x00000000fca00000,0x00000000fe000000)
  to   space 29184K, 0% used [0x00000000fe380000,0x00000000fe380000,0x0000000100000000)
 ParOldGen       total 163328K, used 91841K [0x00000000a0000000, 0x00000000a9f80000, 0x00000000e0000000)
  object space 163328K, 56% used [0x00000000a0000000,0x00000000a59b05f0,0x00000000a9f80000)
 Metaspace       used 98462K, capacity 102176K, committed 102336K, reserved 1138688K
  class space    used 12214K, capacity 12910K, committed 12992K, reserved 1048576K
Event: 343.628 GC heap after
Heap after GC invocations=36 (full 4):
 PSYoungGen      total 494080K, used 10176K [0x00000000e0000000, 0x00000000fff00000, 0x0000000100000000)
  eden space 465920K, 0% used [0x00000000e0000000,0x00000000e0000000,0x00000000fc700000)
  from space 28160K, 36% used [0x00000000fe380000,0x00000000fed70050,0x00000000fff00000)
  to   space 28672K, 0% used [0x00000000fc700000,0x00000000fc700000,0x00000000fe300000)
 ParOldGen       total 163328K, used 97350K [0x00000000a0000000, 0x00000000a9f80000, 0x00000000e0000000)
  object space 163328K, 59% used [0x00000000a0000000,0x00000000a5f11838,0x00000000a9f80000)
 Metaspace       used 98462K, capacity 102176K, committed 102336K, reserved 1138688K
  class space    used 12214K, capacity 12910K, committed 12992K, reserved 1048576K
}
Event: 346.893 GC heap before
{Heap before GC invocations=37 (full 4):
 PSYoungGen      total 494080K, used 476096K [0x00000000e0000000, 0x00000000fff00000, 0x0000000100000000)
  eden space 465920K, 100% used [0x00000000e0000000,0x00000000fc700000,0x00000000fc700000)
  from space 28160K, 36% used [0x00000000fe380000,0x00000000fed70050,0x00000000fff00000)
  to   space 28672K, 0% used [0x00000000fc700000,0x00000000fc700000,0x00000000fe300000)
 ParOldGen       total 163328K, used 97350K [0x00000000a0000000, 0x00000000a9f80000, 0x00000000e0000000)
  object space 163328K, 59% used [0x00000000a0000000,0x00000000a5f11838,0x00000000a9f80000)
 Metaspace       used 99339K, capacity 103066K, committed 103232K, reserved 1138688K
  class space    used 12306K, capacity 13011K, committed 13120K, reserved 1048576K
Event: 346.944 GC heap after
Heap after GC invocations=37 (full 4):
 PSYoungGen      total 494592K, used 28671K [0x00000000e0000000, 0x0000000100000000, 0x0000000100000000)
  eden space 465920K, 0% used [0x00000000e0000000,0x00000000e0000000,0x00000000fc700000)
  from space 28672K, 99% used [0x00000000fc700000,0x00000000fe2ffc60,0x00000000fe300000)
  to   space 29696K, 0% used [0x00000000fe300000,0x00000000fe300000,0x0000000100000000)
 ParOldGen       total 163328K, used 114597K [0x00000000a0000000, 0x00000000a9f80000, 0x00000000e0000000)
  object space 163328K, 70% used [0x00000000a0000000,0x00000000a6fe97b8,0x00000000a9f80000)
 Metaspace       used 99339K, capacity 103066K, committed 103232K, reserved 1138688K
  class space    used 12306K, capacity 13011K, committed 13120K, reserved 1048576K
}

